<?xml version="1.0" encoding="UTF-8"?>
<coverage generated="1631557282057" clover="3.2.0">
  <project timestamp="1631557282057" name="All files">
    <metrics statements="11" coveredstatements="6" conditionals="3" coveredconditionals="0" methods="1" coveredmethods="0" elements="15" coveredelements="6" complexity="0" loc="11" ncloc="11" packages="2" files="2" classes="2"/>
    <package name="myapi">
      <metrics statements="6" coveredstatements="1" conditionals="3" coveredconditionals="0" methods="1" coveredmethods="0"/>
      <file name="config.cjs" path="/media/kave/BAKUP/code/myapi/config.cjs">
        <metrics statements="6" coveredstatements="1" conditionals="3" coveredconditionals="0" methods="1" coveredmethods="0"/>
        <line num="1" count="1" type="stmt"/>
        <line num="2" count="0" type="stmt"/>
        <line num="3" count="0" type="cond" truecount="0" falsecount="3"/>
        <line num="5" count="0" type="stmt"/>
        <line num="7" count="0" type="stmt"/>
        <line num="13" count="0" type="stmt"/>
      </file>
    </package>
    <package name="myapi.src.models">
      <metrics statements="5" coveredstatements="5" conditionals="0" coveredconditionals="0" methods="0" coveredmethods="0"/>
      <file name="blogModel.js" path="/media/kave/BAKUP/code/myapi/src/models/blogModel.js">
        <metrics statements="5" coveredstatements="5" conditionals="0" coveredconditionals="0" methods="0" coveredmethods="0"/>
        <line num="1" count="1" type="stmt"/>
        <line num="2" count="1" type="stmt"/>
        <line num="5" count="1" type="stmt"/>
        <line num="20" count="1" type="stmt"/>
        <line num="21" count="1" type="stmt"/>
      </file>
    </package>
  </project>
</coverage>
