{"/media/kave/BAKUP/code/myapi/config.cjs": {"path":"/media/kave/BAKUP/code/myapi/config.cjs","statementMap":{"0":{"start":{"line":1,"column":0},"end":{"line":19,"column":2}},"1":{"start":{"line":2,"column":16},"end":{"line":2,"column":20}},"2":{"start":{"line":3,"column":2},"end":{"line":18,"column":3}},"3":{"start":{"line":5,"column":6},"end":{"line":5,"column":60}},"4":{"start":{"line":7,"column":6},"end":{"line":11,"column":9}},"5":{"start":{"line":13,"column":6},"end":{"line":17,"column":9}}},"fnMap":{"0":{"name":"(anonymous_0)","decl":{"start":{"line":1,"column":24},"end":{"line":1,"column":25}},"loc":{"start":{"line":1,"column":30},"end":{"line":19,"column":1}},"line":1}},"branchMap":{"0":{"loc":{"start":{"line":3,"column":2},"end":{"line":18,"column":3}},"type":"switch","locations":[{"start":{"line":4,"column":4},"end":{"line":5,"column":60}},{"start":{"line":6,"column":4},"end":{"line":11,"column":9}},{"start":{"line":12,"column":4},"end":{"line":17,"column":9}}],"line":3}},"s":{"0":1,"1":0,"2":0,"3":0,"4":0,"5":0},"f":{"0":0},"b":{"0":[0,0,0]},"inputSourceMap":null,"_coverageSchema":"1a1c01bbd47fc00a2c39e90264f33305004495a9","hash":"a4eeb9faa6e12b810445386a71315d33406fb061"}
,"/media/kave/BAKUP/code/myapi/src/models/blogModel.js": {"path":"/media/kave/BAKUP/code/myapi/src/models/blogModel.js","statementMap":{"0":{"start":{"line":1,"column":15},"end":{"line":1,"column":34}},"1":{"start":{"line":2,"column":19},"end":{"line":2,"column":27}},"2":{"start":{"line":5,"column":19},"end":{"line":19,"column":1}},"3":{"start":{"line":20,"column":18},"end":{"line":20,"column":52}},"4":{"start":{"line":21,"column":0},"end":{"line":21,"column":27}}},"fnMap":{},"branchMap":{},"s":{"0":1,"1":1,"2":1,"3":1,"4":1},"f":{},"b":{},"_coverageSchema":"1a1c01bbd47fc00a2c39e90264f33305004495a9","hash":"53be07057bc3b81d48e701163a923d35cb96abc5"}
}
